<?xml version="1.0" encoding="UTF-8"?>
<!-- Generated by org.testng.reporters.JUnitReportReporter -->
<testsuite hostname="WKMIN9910357.global.publicisgroupe.net" failures="0" tests="1" name="rei.TestRunner" time="0.008" errors="0" timestamp="9 Feb 2021 05:42:17 GMT">
  <testcase classname="rei.TestRunner" name="validTest" time="0.008"/>
</testsuite> <!-- rei.TestRunner -->
