<?xml version="1.0" encoding="UTF-8"?>
<!-- Generated by org.testng.reporters.JUnitReportReporter -->
<testsuite hostname="WKMIN9910357.global.publicisgroupe.net" failures="0" tests="2" name="rei.TestRunner" time="0.007" errors="0" timestamp="9 Feb 2021 05:47:38 GMT">
  <testcase classname="rei.TestRunner" name="wordMissing" time="0.000"/>
  <testcase classname="rei.TestRunner" name="wordFound" time="0.007"/>
</testsuite> <!-- rei.TestRunner -->
